{
  "stats": {
    "suites": 4,
    "tests": 6,
    "passes": 6,
    "pending": 0,
    "failures": 0,
    "start": "2022-01-30T19:06:15.930Z",
    "end": "2022-01-30T19:06:50.328Z",
    "duration": 11663,
    "testsRegistered": 6,
    "passPercent": 100,
    "pendingPercent": 0,
    "other": 0,
    "hasOther": false,
    "skipped": 0,
    "hasSkipped": false
  },
  "results": [
    {
      "uuid": "98311aae-626d-496d-b421-40996f7b99dd",
      "title": "",
      "fullFile": "cypress/integration/testcases/BankManagerLoginTest.spec.js",
      "file": "cypress/integration/testcases/BankManagerLoginTest.spec.js",
      "beforeHooks": [],
      "afterHooks": [],
      "tests": [],
      "suites": [
        {
          "uuid": "540f8140-85a9-47e0-b244-4ca61dbbf45e",
          "title": "Login as Bank Manager",
          "fullFile": "",
          "file": "",
          "beforeHooks": [],
          "afterHooks": [],
          "tests": [
            {
              "title": "Validate Title of the Page",
              "fullTitle": "Login as Bank Manager Validate Title of the Page",
              "timedOut": null,
              "duration": 1510,
              "state": "passed",
              "speed": "fast",
              "pass": true,
              "fail": false,
              "pending": false,
              "context": null,
              "code": "homePage.validateTitle().should('eq', 'Protractor practice website - Banking App');",
              "err": {},
              "uuid": "4bc19521-c95b-443a-8542-9428c4a2fdaa",
              "parentUUID": "540f8140-85a9-47e0-b244-4ca61dbbf45e",
              "isHook": false,
              "skipped": false
            },
            {
              "title": "Verify login as a Bank Manager",
              "fullTitle": "Login as Bank Manager Verify login as a Bank Manager",
              "timedOut": null,
              "duration": 1060,
              "state": "passed",
              "speed": "fast",
              "pass": true,
              "fail": false,
              "pending": false,
              "context": null,
              "code": "homePage.loginAsBankManager();",
              "err": {},
              "uuid": "759d9071-b70f-4f82-a35d-919e7d076678",
              "parentUUID": "540f8140-85a9-47e0-b244-4ca61dbbf45e",
              "isHook": false,
              "skipped": false
            }
          ],
          "suites": [],
          "passes": [
            "4bc19521-c95b-443a-8542-9428c4a2fdaa",
            "759d9071-b70f-4f82-a35d-919e7d076678"
          ],
          "failures": [],
          "pending": [],
          "skipped": [],
          "duration": 2570,
          "root": false,
          "rootEmpty": false,
          "_timeout": 2000
        }
      ],
      "passes": [],
      "failures": [],
      "pending": [],
      "skipped": [],
      "duration": 0,
      "root": true,
      "rootEmpty": true,
      "_timeout": 2000
    },
    {
      "uuid": "5a9afaca-9745-4196-9eba-b3ad9699fd19",
      "title": "",
      "fullFile": "cypress/integration/testcases/CustomerDetailsText.spec.js",
      "file": "cypress/integration/testcases/CustomerDetailsText.spec.js",
      "beforeHooks": [],
      "afterHooks": [],
      "tests": [],
      "suites": [
        {
          "uuid": "f18ae299-20c0-4b3f-9df1-de3c2dadd7ce",
          "title": "Adding a new Customer",
          "fullFile": "",
          "file": "",
          "beforeHooks": [],
          "afterHooks": [],
          "tests": [
            {
              "title": "verify added Customer detail",
              "fullTitle": "Adding a new Customer verify added Customer detail",
              "timedOut": null,
              "duration": 2871,
              "state": "passed",
              "speed": "fast",
              "pass": true,
              "fail": false,
              "pending": false,
              "context": null,
              "code": "homePage.loginAsBankManager();\nCustDetailPage.CustomerDetails(\"Harry\");",
              "err": {},
              "uuid": "37d1b4b9-288b-4262-bc87-c1b92d8dc47e",
              "parentUUID": "f18ae299-20c0-4b3f-9df1-de3c2dadd7ce",
              "isHook": false,
              "skipped": false
            }
          ],
          "suites": [],
          "passes": [
            "37d1b4b9-288b-4262-bc87-c1b92d8dc47e"
          ],
          "failures": [],
          "pending": [],
          "skipped": [],
          "duration": 2871,
          "root": false,
          "rootEmpty": false,
          "_timeout": 2000
        }
      ],
      "passes": [],
      "failures": [],
      "pending": [],
      "skipped": [],
      "duration": 0,
      "root": true,
      "rootEmpty": true,
      "_timeout": 2000
    },
    {
      "uuid": "3b300bbe-9367-4d80-8ec2-a1da61648665",
      "title": "",
      "fullFile": "cypress/integration/testcases/OpenAccountTest.spec.js",
      "file": "cypress/integration/testcases/OpenAccountTest.spec.js",
      "beforeHooks": [],
      "afterHooks": [],
      "tests": [],
      "suites": [
        {
          "uuid": "30310727-83b2-4d21-9293-f010cd667576",
          "title": "Open account for the Customer",
          "fullFile": "",
          "file": "",
          "beforeHooks": [],
          "afterHooks": [],
          "tests": [
            {
              "title": "Open account test",
              "fullTitle": "Open account for the Customer Open account test",
              "timedOut": null,
              "duration": 3056,
              "state": "passed",
              "speed": "fast",
              "pass": true,
              "fail": false,
              "pending": false,
              "context": null,
              "code": "homePage.loginAsBankManager();\naddCust.addCustomerDetails(data.firstname, data.lastname, data.postcode);\naddCust.validateAlert(data.alertmsg);\nopenAccount.openaccount(data.customer, data.currency);\nopenAccount.validateAlert(data.accountalert);",
              "err": {},
              "uuid": "94c8f66b-0db1-49fe-82df-0a2af420fc57",
              "parentUUID": "30310727-83b2-4d21-9293-f010cd667576",
              "isHook": false,
              "skipped": false
            }
          ],
          "suites": [],
          "passes": [
            "94c8f66b-0db1-49fe-82df-0a2af420fc57"
          ],
          "failures": [],
          "pending": [],
          "skipped": [],
          "duration": 3056,
          "root": false,
          "rootEmpty": false,
          "_timeout": 2000
        }
      ],
      "passes": [],
      "failures": [],
      "pending": [],
      "skipped": [],
      "duration": 0,
      "root": true,
      "rootEmpty": true,
      "_timeout": 2000
    },
    {
      "uuid": "245055d7-3867-4a8a-9331-7a7ce040f542",
      "title": "",
      "fullFile": "cypress/integration/testcases/AddCustomerTest.spec.js",
      "file": "cypress/integration/testcases/AddCustomerTest.spec.js",
      "beforeHooks": [],
      "afterHooks": [],
      "tests": [],
      "suites": [
        {
          "uuid": "63a1a964-7c91-439e-b241-40c4c02bd87f",
          "title": "Adding a new Customer",
          "fullFile": "",
          "file": "",
          "beforeHooks": [],
          "afterHooks": [],
          "tests": [
            {
              "title": "Add Customer details",
              "fullTitle": "Adding a new Customer Add Customer details",
              "timedOut": null,
              "duration": 2528,
              "state": "passed",
              "speed": "fast",
              "pass": true,
              "fail": false,
              "pending": false,
              "context": null,
              "code": "homePage.validateHomePage();\nhomePage.loginAsBankManager();\naddCust.addCustomerDetails(data.firstname, data.lastname, data.postcode);\naddCust.validateAlert(data.alertmsg);",
              "err": {},
              "uuid": "cc4440f9-ddf8-4ca3-9853-b7facb185998",
              "parentUUID": "63a1a964-7c91-439e-b241-40c4c02bd87f",
              "isHook": false,
              "skipped": false
            },
            {
              "title": "verify added Customer detail",
              "fullTitle": "Adding a new Customer verify added Customer detail",
              "timedOut": null,
              "duration": 638,
              "state": "passed",
              "speed": "fast",
              "pass": true,
              "fail": false,
              "pending": false,
              "context": null,
              "code": "homePage.navigateToHome();",
              "err": {},
              "uuid": "de10a821-9203-4f09-a390-2c2414de9896",
              "parentUUID": "63a1a964-7c91-439e-b241-40c4c02bd87f",
              "isHook": false,
              "skipped": false
            }
          ],
          "suites": [],
          "passes": [
            "cc4440f9-ddf8-4ca3-9853-b7facb185998",
            "de10a821-9203-4f09-a390-2c2414de9896"
          ],
          "failures": [],
          "pending": [],
          "skipped": [],
          "duration": 3166,
          "root": false,
          "rootEmpty": false,
          "_timeout": 2000
        }
      ],
      "passes": [],
      "failures": [],
      "pending": [],
      "skipped": [],
      "duration": 0,
      "root": true,
      "rootEmpty": true,
      "_timeout": 2000
    }
  ],
  "meta": {
    "mocha": {
      "version": "7.0.1"
    },
    "mochawesome": {
      "options": {
        "quiet": false,
        "reportFilename": "testresults",
        "saveHtml": true,
        "saveJson": true,
        "consoleReporter": "spec",
        "useInlineDiffs": false,
        "code": true
      },
      "version": "7.0.1"
    },
    "marge": {
      "options": {
        "reportDir": "cypress/reports",
        "reportFilename": "testresults",
        "overwrite": false,
        "html": true,
        "json": true,
        "charts": true
      },
      "version": "6.0.1"
    }
  }
}