{
  "stats": {
    "suites": 1,
    "tests": 1,
    "passes": 1,
    "pending": 0,
    "failures": 0,
    "start": "2022-02-01T18:08:03.546Z",
    "end": "2022-02-01T18:08:09.556Z",
    "duration": 6010,
    "testsRegistered": 1,
    "passPercent": 100,
    "pendingPercent": 0,
    "other": 0,
    "hasOther": false,
    "skipped": 0,
    "hasSkipped": false
  },
  "results": [
    {
      "uuid": "414cea84-00f0-4742-908e-9ee8bbffacbd",
      "title": "",
      "fullFile": "cypress/integration/testcases/CustomerDetailsText.spec.js",
      "file": "cypress/integration/testcases/CustomerDetailsText.spec.js",
      "beforeHooks": [],
      "afterHooks": [],
      "tests": [],
      "suites": [
        {
          "uuid": "e18f94c8-6b42-4418-9305-4841763005a3",
          "title": "Adding a new Customer",
          "fullFile": "",
          "file": "",
          "beforeHooks": [],
          "afterHooks": [],
          "tests": [
            {
              "title": "verify added Customer detail",
              "fullTitle": "Adding a new Customer verify added Customer detail",
              "timedOut": null,
              "duration": 3891,
              "state": "passed",
              "speed": "fast",
              "pass": true,
              "fail": false,
              "pending": false,
              "context": null,
              "code": "homePage.loginAsBankManager();\nCustDetailPage.CustomerDetails(\"Harry\");",
              "err": {},
              "uuid": "e09b16b9-6326-4100-b367-36d542021dd3",
              "parentUUID": "e18f94c8-6b42-4418-9305-4841763005a3",
              "isHook": false,
              "skipped": false
            }
          ],
          "suites": [],
          "passes": [
            "e09b16b9-6326-4100-b367-36d542021dd3"
          ],
          "failures": [],
          "pending": [],
          "skipped": [],
          "duration": 3891,
          "root": false,
          "rootEmpty": false,
          "_timeout": 2000
        }
      ],
      "passes": [],
      "failures": [],
      "pending": [],
      "skipped": [],
      "duration": 0,
      "root": true,
      "rootEmpty": true,
      "_timeout": 2000
    }
  ],
  "meta": {
    "mocha": {
      "version": "7.0.1"
    },
    "mochawesome": {
      "options": {
        "quiet": false,
        "reportFilename": "testresults",
        "saveHtml": true,
        "saveJson": true,
        "consoleReporter": "spec",
        "useInlineDiffs": false,
        "code": true
      },
      "version": "7.0.1"
    },
    "marge": {
      "options": {
        "reportDir": "cypress/reports",
        "reportFilename": "testresults",
        "overwrite": false,
        "html": true,
        "json": true,
        "charts": true
      },
      "version": "6.0.1"
    }
  }
}