{
  "stats": {
    "suites": 1,
    "tests": 1,
    "passes": 1,
    "pending": 0,
    "failures": 0,
    "start": "2022-01-30T19:06:45.570Z",
    "end": "2022-01-30T19:06:50.328Z",
    "duration": 4758,
    "testsRegistered": 1,
    "passPercent": 100,
    "pendingPercent": 0,
    "other": 0,
    "hasOther": false,
    "skipped": 0,
    "hasSkipped": false
  },
  "results": [
    {
      "uuid": "3b300bbe-9367-4d80-8ec2-a1da61648665",
      "title": "",
      "fullFile": "cypress/integration/testcases/OpenAccountTest.spec.js",
      "file": "cypress/integration/testcases/OpenAccountTest.spec.js",
      "beforeHooks": [],
      "afterHooks": [],
      "tests": [],
      "suites": [
        {
          "uuid": "30310727-83b2-4d21-9293-f010cd667576",
          "title": "Open account for the Customer",
          "fullFile": "",
          "file": "",
          "beforeHooks": [],
          "afterHooks": [],
          "tests": [
            {
              "title": "Open account test",
              "fullTitle": "Open account for the Customer Open account test",
              "timedOut": null,
              "duration": 3056,
              "state": "passed",
              "speed": "fast",
              "pass": true,
              "fail": false,
              "pending": false,
              "context": null,
              "code": "homePage.loginAsBankManager();\naddCust.addCustomerDetails(data.firstname, data.lastname, data.postcode);\naddCust.validateAlert(data.alertmsg);\nopenAccount.openaccount(data.customer, data.currency);\nopenAccount.validateAlert(data.accountalert);",
              "err": {},
              "uuid": "94c8f66b-0db1-49fe-82df-0a2af420fc57",
              "parentUUID": "30310727-83b2-4d21-9293-f010cd667576",
              "isHook": false,
              "skipped": false
            }
          ],
          "suites": [],
          "passes": [
            "94c8f66b-0db1-49fe-82df-0a2af420fc57"
          ],
          "failures": [],
          "pending": [],
          "skipped": [],
          "duration": 3056,
          "root": false,
          "rootEmpty": false,
          "_timeout": 2000
        }
      ],
      "passes": [],
      "failures": [],
      "pending": [],
      "skipped": [],
      "duration": 0,
      "root": true,
      "rootEmpty": true,
      "_timeout": 2000
    }
  ],
  "meta": {
    "mocha": {
      "version": "7.0.1"
    },
    "mochawesome": {
      "options": {
        "quiet": false,
        "reportFilename": "testresults",
        "saveHtml": true,
        "saveJson": true,
        "consoleReporter": "spec",
        "useInlineDiffs": false,
        "code": true
      },
      "version": "7.0.1"
    },
    "marge": {
      "options": {
        "reportDir": "cypress/reports",
        "reportFilename": "testresults",
        "overwrite": false,
        "html": true,
        "json": true,
        "charts": true
      },
      "version": "6.0.1"
    }
  }
}