{
  "stats": {
    "suites": 1,
    "tests": 2,
    "passes": 2,
    "pending": 0,
    "failures": 0,
    "start": "2022-01-30T19:06:27.011Z",
    "end": "2022-01-30T19:06:31.278Z",
    "duration": 4267,
    "testsRegistered": 2,
    "passPercent": 100,
    "pendingPercent": 0,
    "other": 0,
    "hasOther": false,
    "skipped": 0,
    "hasSkipped": false
  },
  "results": [
    {
      "uuid": "98311aae-626d-496d-b421-40996f7b99dd",
      "title": "",
      "fullFile": "cypress/integration/testcases/BankManagerLoginTest.spec.js",
      "file": "cypress/integration/testcases/BankManagerLoginTest.spec.js",
      "beforeHooks": [],
      "afterHooks": [],
      "tests": [],
      "suites": [
        {
          "uuid": "540f8140-85a9-47e0-b244-4ca61dbbf45e",
          "title": "Login as Bank Manager",
          "fullFile": "",
          "file": "",
          "beforeHooks": [],
          "afterHooks": [],
          "tests": [
            {
              "title": "Validate Title of the Page",
              "fullTitle": "Login as Bank Manager Validate Title of the Page",
              "timedOut": null,
              "duration": 1510,
              "state": "passed",
              "speed": "fast",
              "pass": true,
              "fail": false,
              "pending": false,
              "context": null,
              "code": "homePage.validateTitle().should('eq', 'Protractor practice website - Banking App');",
              "err": {},
              "uuid": "4bc19521-c95b-443a-8542-9428c4a2fdaa",
              "parentUUID": "540f8140-85a9-47e0-b244-4ca61dbbf45e",
              "isHook": false,
              "skipped": false
            },
            {
              "title": "Verify login as a Bank Manager",
              "fullTitle": "Login as Bank Manager Verify login as a Bank Manager",
              "timedOut": null,
              "duration": 1060,
              "state": "passed",
              "speed": "fast",
              "pass": true,
              "fail": false,
              "pending": false,
              "context": null,
              "code": "homePage.loginAsBankManager();",
              "err": {},
              "uuid": "759d9071-b70f-4f82-a35d-919e7d076678",
              "parentUUID": "540f8140-85a9-47e0-b244-4ca61dbbf45e",
              "isHook": false,
              "skipped": false
            }
          ],
          "suites": [],
          "passes": [
            "4bc19521-c95b-443a-8542-9428c4a2fdaa",
            "759d9071-b70f-4f82-a35d-919e7d076678"
          ],
          "failures": [],
          "pending": [],
          "skipped": [],
          "duration": 2570,
          "root": false,
          "rootEmpty": false,
          "_timeout": 2000
        }
      ],
      "passes": [],
      "failures": [],
      "pending": [],
      "skipped": [],
      "duration": 0,
      "root": true,
      "rootEmpty": true,
      "_timeout": 2000
    }
  ],
  "meta": {
    "mocha": {
      "version": "7.0.1"
    },
    "mochawesome": {
      "options": {
        "quiet": false,
        "reportFilename": "testresults",
        "saveHtml": true,
        "saveJson": true,
        "consoleReporter": "spec",
        "useInlineDiffs": false,
        "code": true
      },
      "version": "7.0.1"
    },
    "marge": {
      "options": {
        "reportDir": "cypress/reports",
        "reportFilename": "testresults",
        "overwrite": false,
        "html": true,
        "json": true,
        "charts": true
      },
      "version": "6.0.1"
    }
  }
}