{
  "stats": {
    "suites": 1,
    "tests": 1,
    "passes": 1,
    "pending": 0,
    "failures": 0,
    "start": "2022-01-30T19:06:36.463Z",
    "end": "2022-01-30T19:06:41.043Z",
    "duration": 4580,
    "testsRegistered": 1,
    "passPercent": 100,
    "pendingPercent": 0,
    "other": 0,
    "hasOther": false,
    "skipped": 0,
    "hasSkipped": false
  },
  "results": [
    {
      "uuid": "5a9afaca-9745-4196-9eba-b3ad9699fd19",
      "title": "",
      "fullFile": "cypress/integration/testcases/CustomerDetailsText.spec.js",
      "file": "cypress/integration/testcases/CustomerDetailsText.spec.js",
      "beforeHooks": [],
      "afterHooks": [],
      "tests": [],
      "suites": [
        {
          "uuid": "f18ae299-20c0-4b3f-9df1-de3c2dadd7ce",
          "title": "Adding a new Customer",
          "fullFile": "",
          "file": "",
          "beforeHooks": [],
          "afterHooks": [],
          "tests": [
            {
              "title": "verify added Customer detail",
              "fullTitle": "Adding a new Customer verify added Customer detail",
              "timedOut": null,
              "duration": 2871,
              "state": "passed",
              "speed": "fast",
              "pass": true,
              "fail": false,
              "pending": false,
              "context": null,
              "code": "homePage.loginAsBankManager();\nCustDetailPage.CustomerDetails(\"Harry\");",
              "err": {},
              "uuid": "37d1b4b9-288b-4262-bc87-c1b92d8dc47e",
              "parentUUID": "f18ae299-20c0-4b3f-9df1-de3c2dadd7ce",
              "isHook": false,
              "skipped": false
            }
          ],
          "suites": [],
          "passes": [
            "37d1b4b9-288b-4262-bc87-c1b92d8dc47e"
          ],
          "failures": [],
          "pending": [],
          "skipped": [],
          "duration": 2871,
          "root": false,
          "rootEmpty": false,
          "_timeout": 2000
        }
      ],
      "passes": [],
      "failures": [],
      "pending": [],
      "skipped": [],
      "duration": 0,
      "root": true,
      "rootEmpty": true,
      "_timeout": 2000
    }
  ],
  "meta": {
    "mocha": {
      "version": "7.0.1"
    },
    "mochawesome": {
      "options": {
        "quiet": false,
        "reportFilename": "testresults",
        "saveHtml": true,
        "saveJson": true,
        "consoleReporter": "spec",
        "useInlineDiffs": false,
        "code": true
      },
      "version": "7.0.1"
    },
    "marge": {
      "options": {
        "reportDir": "cypress/reports",
        "reportFilename": "testresults",
        "overwrite": false,
        "html": true,
        "json": true,
        "charts": true
      },
      "version": "6.0.1"
    }
  }
}